1534475581800	geckodriver	INFO	geckodriver 0.21.0
1534475581812	geckodriver	INFO	Listening on 127.0.0.1:49934
1534475584885	mozrunner::runner	INFO	Running command: "C:\\Program Files\\Mozilla Firefox\\firefox.exe" "-marionette" "-foreground" "-no-remote" "-profile" "C:\\Users\\ROBMAR~1\\AppData\\Local\\Temp\\rust_mozprofile.eP4b3lB1SDOX"
Unable to read VR Path Registry from C:\Users\RobMartin\AppData\Local\openvr\openvrpaths.vrpath
Unable to read VR Path Registry from C:\Users\RobMartin\AppData\Local\openvr\openvrpaths.vrpath
Unable to read VR Path Registry from C:\Users\RobMartin\AppData\Local\openvr\openvrpaths.vrpath
Unable to read VR Path Registry from C:\Users\RobMartin\AppData\Local\openvr\openvrpaths.vrpath
Unable to read VR Path Registry from C:\Users\RobMartin\AppData\Local\openvr\openvrpaths.vrpath
1534475586325	Marionette	INFO	Listening on port 49943
1534475586573	Marionette	WARN	TLS certificate errors will be ignored for this session
[Parent 9484, Gecko_IOThread] WARNING: pipe error: 109: file z:/build/build/src/ipc/chromium/src/chrome/common/ipc_channel_win.cc, line 346
[Parent 9484, Gecko_IOThread] WARNING: pipe error: 109: file z:/build/build/src/ipc/chromium/src/chrome/common/ipc_channel_win.cc, line 346
[Child 6508, Chrome_ChildThread] WARNING: pipe error: 109: file z:/build/build/src/ipc/chromium/src/chrome/common/ipc_channel_win.cc, line 346
[Child 6508, Chrome_ChildThre[Child 768, Chrome_ChildThread] WARNING: pipe error: 109: file z:/build/build/src/ipc/chromium/src/chrome/common/ipc_channel_win.cc, line 346
[Child 768, Chrome_Chi[Parent 9484, Gecko_IOThread] WARNING: pipe error: 109: file z:/build/build/src/ipc/chromium/src/chrome/common/ipc_channel_win.cc, line 346
[Child 13356, Chrome_ChildThread] WARNING: pipe error: 109: file z:/build/build/src/ipc/chromium/src/chrome/common/ipc_channel_win.cc, line 346
[Child 13356, Chrome_ChildThread] WARNING: pipe er*** UTM:SVC TimerManager:registerTimer called after profile-before-change notification. Ignoring timer registration for id: telemetry_modules_ping
[GPU 8976, Chro
###!!! [Child][MessageChannel::SendAndWait] Error: Channel error: cannot send/recv

1534475619502	geckodriver	INFO	geckodriver 0.21.0
1534475619511	geckodriver	INFO	Listening on 127.0.0.1:49978
1534475622554	mozrunner::runner	INFO	Running command: "C:\\Program Files\\Mozilla Firefox\\firefox.exe" "-marionette" "-foreground" "-no-remote" "-profile" "C:\\Users\\ROBMAR~1\\AppData\\Local\\Temp\\rust_mozprofile.puh0XIPnddA6"
Unable to read VR Path Registry from C:\Users\RobMartin\AppData\Local\openvr\openvrpaths.vrpath
Unable to read VR Path Registry from C:\Users\RobMartin\AppData\Local\openvr\openvrpaths.vrpath
Unable to read VR Path Registry from C:\Users\RobMartin\AppData\Local\openvr\openvrpaths.vrpath
Unable to read VR Path Registry from C:\Users\RobMartin\AppData\Local\openvr\openvrpaths.vrpath
Unable to read VR Path Registry from C:\Users\RobMartin\AppData\Local\openvr\openvrpaths.vrpath
1534475623925	Marionette	INFO	Listening on port 49986
1534475624210	Marionette	WARN	TLS certificate errors will be ignored for this session
[Parent 9228, Gecko_IOThread] WARNING: pipe error: 109: file z:/build/build/src/ipc/chromium/src/chrome/common/ipc_channel_win.cc, line 346
[Child 13244, Chrome_ChildThread] WARNING: pipe error: 109: file z:/build/build/src/ipc/chromium/src/chrome/common/ipc_channel_win.cc, line 346
[Child 13244, Chro
###!!! [Child][RunMessage] Error: Channel closing: too late to send/recv, messages will be lost


###!!! [Child][RunMessage] Error: Channel closing: too late to send/recv, messages will be lost


###!!! [Child][MessageChannel] Error: (msgtype=0x2D00B0,name=PContent::Msg_ScriptError) Channel closing: too late to send/recv, messages will be lost

[C
###!!! [Child][RunMessage] Error: Channel closing: too late to send/recv, messages will be lost

hild 1
###!!! [Child][MessageChannel] Error: (msgtype=0x2D00B0,name=PContent::Msg_ScriptError) Channel closing: too late to send/recv, messages will be lost

2744, C
###!!! [Child][RunMessage] Error: Channel closing: too late to send/recv, messages will be lost

hrome_ChildT
###!!! [Child][MessageChannel] Error: (msgtype=0x2D00B0,name=PContent::Msg_ScriptError) Channel closing: too late to send/recv, messages will be lost

hread] WARNING: pipe erro
###!!! [Child][RunMessage] Error: Channel closing: too late to send/recv, messages will be lost

r: 109
###!!! [Child][MessageChannel] Error: (msgtype=0x2D00B0,name=PContent::Msg_ScriptError) Channel closing: too late to send/recv, messages will be lost

: f
###!!! [Child][RunMessage] Error: Channel closing: too late to send/recv, messages will be lost

ile
###!!! [Child][MessageChannel] Error: (msgtype=0x2D00B0,name=PContent::Msg_ScriptError) Channel closing: too late to send/recv, messages will be lost

 z:/
###!!! [Child][RunMessage] Error: Channel closing: too late to send/recv, messages will be lost

build/build/
###!!! [Child][MessageChannel] Error: (msgtype=0x2D00B0,name=PContent::Msg_ScriptError) Channel closing: too late to send/recv, messages will be lost

src/ipc/chromium/src/chrome/common/ipc_channel_win.cc, line 346

###!!! [Child][RunMessage] Error: Channel closing: too late to send/recv, messages will be lost


###!!! [Child][MessageChannel] Error: (msgtype=0x2D00B0,name=PContent::Msg_ScriptError) Channel closing: too late to send/recv, messages will be lost


###!!! [Child][RunMessage] Error: Channel closing: too late to send/recv, messages will be lost


###!!! [Child][MessageChannel] Error: (msgtype=0x2D00B0,name=PContent::Msg_ScriptError) Channel closing: too late to send/recv, messages will be lost


###!!! [Child][RunMessage] Error: Channel closing: too late to send/recv, messages will be lost


###!!! [Child][MessageChannel] Error: (msgtype=0x2D00B0,name=PContent::Msg_ScriptError) Channel closing: too late to send/recv, messages will be lost


###!!! [Child][RunMessage] Error: Channel closing: too late to send/recv, messages will be lost


###!!! [Child][MessageChannel] Error: (msgtype=0x2D00B0,name=PContent::Msg_ScriptError) Channel closing: too late to send/recv, messages will be lost


###!!! [Child][RunMessage] Error: Channel closing: too late to send/recv, messages will be lost


###!!! [Child][RunMessage] Error: Channel closing: too late to send/recv, messages will be lost

[Parent 9228, Gecko_IOThread] WARNING: pipe error: 109: file z:/build/build/src/ipc/chromium/src/chrome/common/ipc_channel_win.cc, line 346
*** UTM:SVC TimerManager:registerTimer called after profile-before-change notification. Ignoring timer registration for id: telemetry_modules_ping
[GPU 14228, 
###!!! [Child][MessageChannel::SendAndWait] Error: Channel error: cannot send/recv

1534475646529	geckodriver	INFO	geckodriver 0.21.0
1534475646536	geckodriver	INFO	Listening on 127.0.0.1:50158
1534475649621	mozrunner::runner	INFO	Running command: "C:\\Program Files\\Mozilla Firefox\\firefox.exe" "-marionette" "-foreground" "-no-remote" "-profile" "C:\\Users\\ROBMAR~1\\AppData\\Local\\Temp\\rust_mozprofile.UCxvnVBzvMfa"
Unable to read VR Path Registry from C:\Users\RobMartin\AppData\Local\openvr\openvrpaths.vrpath
Unable to read VR Path Registry from C:\Users\RobMartin\AppData\Local\openvr\openvrpaths.vrpath
Unable to read VR Path Registry from C:\Users\RobMartin\AppData\Local\openvr\openvrpaths.vrpath
Unable to read VR Path Registry from C:\Users\RobMartin\AppData\Local\openvr\openvrpaths.vrpath
Unable to read VR Path Registry from C:\Users\RobMartin\AppData\Local\openvr\openvrpaths.vrpath
1534475650978	Marionette	INFO	Listening on port 50166
1534475651252	Marionette	WARN	TLS certificate errors will be ignored for this session
[Child 648, Chrome_ChildThread] WARNING: pipe error: 109: file z:/build/build/src/ipc/chromium/src/chrome/common/ipc_channel_win.cc, line 346
[Child 648, Chrome[Parent 1356, Gecko_IOThread] WARNING: pipe error: 109: file z:/build/build/src/ipc/chromium/src/chrome/common/ipc_channel_win.cc, line 346
[Child 8208, Chrome_ChildThread] WARNING: pipe error: 109: file z:/bui[Parent 1356, Gecko_IOThread] WARNING: pipe error: 109: file z:/build/build/src/ipc/chromium/src/chrome/common/ipc_channel_win.cc, line 346
[Child 10052, Chrome_ChildThread] WARNING: pipe error: 109: file z:/build/build/src/ipc/chromium/src/chrome/common/ipc_channel_win.cc, line 346
[Child 10052, Chrome_*** UTM:SVC TimerManager:registerTimer called after profile-before-change notification. Ignoring timer registration for id: telemetry_modules_ping
[GPU 9024, Ch
###!!! [Child][MessageChannel::SendAndWait] Error: Channel error: cannot send/recv

1534476461452	geckodriver	INFO	geckodriver 0.21.0
1534476461460	geckodriver	INFO	Listening on 127.0.0.1:50528
1534476464569	mozrunner::runner	INFO	Running command: "C:\\Program Files\\Mozilla Firefox\\firefox.exe" "-marionette" "-foreground" "-no-remote" "-profile" "C:\\Users\\ROBMAR~1\\AppData\\Local\\Temp\\rust_mozprofile.FUTUHuq3G6Tw"
Unable to read VR Path Registry from C:\Users\RobMartin\AppData\Local\openvr\openvrpaths.vrpath
Unable to read VR Path Registry from C:\Users\RobMartin\AppData\Local\openvr\openvrpaths.vrpath
Unable to read VR Path Registry from C:\Users\RobMartin\AppData\Local\openvr\openvrpaths.vrpath
Unable to read VR Path Registry from C:\Users\RobMartin\AppData\Local\openvr\openvrpaths.vrpath
Unable to read VR Path Registry from C:\Users\RobMartin\AppData\Local\openvr\openvrpaths.vrpath
1534476465960	Marionette	INFO	Listening on port 50536
1534476466221	Marionette	WARN	TLS certificate errors will be ignored for this session
[Parent 1416, Gecko_IOThread] WARNING: pipe error: 109: file z:/build/build/src/ipc/chromium/src/chrome/common/ipc_channel_win.cc, line 346
[Parent 1416, Gecko_IOThread] WARNING: pipe error: 109: file z:/build/build/src/ipc/chromium/src/chrome/common/ipc_channel_win.cc, line 346
[Child 13916, Chrome_ChildThread] WARNING: pipe error: 109: file z:/build/build/src/ipc/chromium/src/chrome/common/ipc_channel_win.cc, line 346
[Child 3508, Chrome_ChildThread] WARNING: pipe error: 109: file z:/build/build/src/ipc/chromium/src/chrome/common/ipc_channel_win.cc, line 346
[Child 3508, Chrome_ChildThread] WARNING: pipe error: 109: file z:/build/build/src/ipc/chromium/src/chrome/common/ip[Parent 1416, Gecko_IOThread] WARNING: pipe error: 109: file z:/build/build/src/ipc/chromium/src/chrome/common/ipc_channel_win.cc, line 346
[Child 8180, Chrome_ChildThread] WARNING: pipe error: 109: file z:/build/build/src/ipc/chromium/src/chrome/common/ipc_channel_win.cc, line 346
[Child 8180, Chrome_ChildThread][GPU 13792, Chro
###!!! [Child][MessageChannel::SendAndWait] Error: Channel error: cannot send/recv

[Parent 5708, Gecko_IOThread] WARNING: pipe error: 109: file z:/build/build/src/ipc/chromium/src/chrome/common/ipc_channel_win.cc, line 346
[Child 8044, Chrome_ChildThread] WARNING: pipe error: 109: file z:/build/build/src/ipc/chromium/src/chrome/common/ipc_channel_win.cc, line 346
[Child 8044, Chro[Child 516, Chrome_ChildThread] WARNING: pipe error: 109: file z:/build/build/src/ipc/chromium/src/chrome/common/ipc_channel_win.cc, line 346
[Child 516, Chr[Parent 5708, Gecko_IOThread] WARNING: pipe error: 109: file z:/build/build/src/ipc/chromium/src/chrome/common/ipc_channel_win.cc, line 346
*** UTM:SVC TimerManager:registerTimer called after profile-before-change notification. Ignoring timer registration for id: telemetry_modules_ping
[GPU 5364, Chrom
###!!! [Child][MessageChannel::SendAndWait] Error: Channel error: cannot send/recv

1534476613007	geckodriver	INFO	geckodriver 0.21.0
1534476613013	geckodriver	INFO	Listening on 127.0.0.1:50645
1534476616092	mozrunner::runner	INFO	Running command: "C:\\Program Files\\Mozilla Firefox\\firefox.exe" "-marionette" "-foreground" "-no-remote" "-profile" "C:\\Users\\ROBMAR~1\\AppData\\Local\\Temp\\rust_mozprofile.p3uhVnvujkms"
Unable to read VR Path Registry from C:\Users\RobMartin\AppData\Local\openvr\openvrpaths.vrpath
Unable to read VR Path Registry from C:\Users\RobMartin\AppData\Local\openvr\openvrpaths.vrpath
Unable to read VR Path Registry from C:\Users\RobMartin\AppData\Local\openvr\openvrpaths.vrpath
Unable to read VR Path Registry from C:\Users\RobMartin\AppData\Local\openvr\openvrpaths.vrpath
Unable to read VR Path Registry from C:\Users\RobMartin\AppData\Local\openvr\openvrpaths.vrpath
1534476617408	Marionette	INFO	Listening on port 50653
1534476617738	Marionette	WARN	TLS certificate errors will be ignored for this session
[Parent 13028, Gecko_IOThread] WARNING: pipe error: 109: file z:/build/build/src/ipc/chromium/src/chrome/common/ipc_channel_win.cc, line 346
[Parent 13028, Gecko_IOThread] WARNING: pipe error: 109: file z:/build/build/src/ipc/chromium/src/chrome/common/ipc_channel_win.cc, line 346
[Child 13976, Chrome_ChildThread] WARNING: pipe error: 109: file z:/build/build/src/ipc/chromium/src/chrome/common/ipc_channel_win.cc, line 346
[Child 13976, Chrome_ChildThread] WARNING: [Parent 13028, Gecko_IOThread] WARNING: file z:/build/build/src/ipc/chromium/src/base/process_util_win.cc, line 188
[Parent 13028, Gecko_IOThread] WARNING: pipe error: 109: file z:/build/build/src/ipc/chromium/src/chrome/common/ipc_channel_win.cc, line 346
[Child 11092, Chrome_ChildThread] WARNING: pipe error: 109: file z:/build/build/src/ipc/chromium/src/chrome/common/ipc_channel_win.cc, line 346
[Child 11092, Chrome_*** UTM:SVC TimerManager:registerTimer called after profile-before-change notification. Ignoring timer registration for id: telemetry_modules_ping
[GPU 5932, Chrom
###!!! [Child][MessageChannel::SendAndWait] Error: Channel error: cannot send/recv

1534476629100	geckodriver	INFO	geckodriver 0.21.0
1534476629111	geckodriver	INFO	Listening on 127.0.0.1:50676
1534476632195	mozrunner::runner	INFO	Running command: "C:\\Program Files\\Mozilla Firefox\\firefox.exe" "-marionette" "-foreground" "-no-remote" "-profile" "C:\\Users\\ROBMAR~1\\AppData\\Local\\Temp\\rust_mozprofile.cRzI1AydS2GZ"
Unable to read VR Path Registry from C:\Users\RobMartin\AppData\Local\openvr\openvrpaths.vrpath
Unable to read VR Path Registry from C:\Users\RobMartin\AppData\Local\openvr\openvrpaths.vrpath
Unable to read VR Path Registry from C:\Users\RobMartin\AppData\Local\openvr\openvrpaths.vrpath
Unable to read VR Path Registry from C:\Users\RobMartin\AppData\Local\openvr\openvrpaths.vrpath
Unable to read VR Path Registry from C:\Users\RobMartin\AppData\Local\openvr\openvrpaths.vrpath
1534476633603	Marionette	INFO	Listening on port 50684
1534476633824	Marionette	WARN	TLS certificate errors will be ignored for this session
[Child 7792, Chrome_ChildThread] WARNING: pipe error: 109: file z:/build/build/src/ipc/chromium/src/chrome/common/ipc_channel_win.cc, line 346
[Child 7792, Chrome_ChildThread] WARNING: pipe error: 109: file z:/build/build/src/ipc/chromium/src[Parent 2132, Gecko_IOThread] WARNING: pipe error: 109: file z:/build/build/src/ipc/chromium/src/chrome/common/ipc_channel_win.cc, line 346
[Child 4008, Chrome_ChildThread] WARNING: pipe error: 109: file z:/build/build/src/ipc/chromium/src/chrome/common/ipc_channel_win.cc, line 346
[Parent 2132, Gecko_IOThread] WARNING: pipe error: 109: file z:/build/build/src/ipc/chromium/src/chrome/common/ipc_channel_win.cc, line 346
*** UTM:SVC TimerManager:registerTimer called after profile-before-change notification. Ignoring timer registration for id: telemetry_modules_ping
[GPU 2448, Chrome
###!!! [Child][MessageChannel::SendAndWait] Error: Channel error: cannot send/recv

1534476817145	geckodriver	INFO	geckodriver 0.21.0
1534476817152	geckodriver	INFO	Listening on 127.0.0.1:51190
1534476820214	mozrunner::runner	INFO	Running command: "C:\\Program Files\\Mozilla Firefox\\firefox.exe" "-marionette" "-foreground" "-no-remote" "-profile" "C:\\Users\\ROBMAR~1\\AppData\\Local\\Temp\\rust_mozprofile.ttL8xtuFv3uf"
Unable to read VR Path Registry from C:\Users\RobMartin\AppData\Local\openvr\openvrpaths.vrpath
Unable to read VR Path Registry from C:\Users\RobMartin\AppData\Local\openvr\openvrpaths.vrpath
Unable to read VR Path Registry from C:\Users\RobMartin\AppData\Local\openvr\openvrpaths.vrpath
Unable to read VR Path Registry from C:\Users\RobMartin\AppData\Local\openvr\openvrpaths.vrpath
Unable to read VR Path Registry from C:\Users\RobMartin\AppData\Local\openvr\openvrpaths.vrpath
1534476821592	Marionette	INFO	Listening on port 51198
1534476821847	Marionette	WARN	TLS certificate errors will be ignored for this session
[Parent 1748, Gecko_IOThread] WARNING: pipe error: 109: file z:/build/build/src/ipc/chromium/src/chrome/common/ipc_channel_win.cc, line 346
[Parent 1748, Gecko_IOThread] WARNING: pipe error: 109: file z:/build/build/src/ipc/chromium/src/chrome/common/ipc_channel_win.cc, line 346
[Parent 1748, Gecko_IOThread] WARNING: pipe error: 109: file z:/build/build/src/ipc/chromium/src/chrome/common/ipc_channel_win.cc, line 346
[Parent 1748, Gecko_IOThread] WARNING: pipe error: 109: file z:/build/build/src/ipc/chromium/src/chrome/common/ipc_channel_win.cc, line 346
[Parent 1748, Gecko_IOThread] WARNING: pipe error: 109: file z:/build/build/src/ipc/chromium/src/chrome/common/ipc_channel_win.cc, line 346
[Parent 1748, Gecko_IOThread] WARNING: pipe error: 109: file z:/build/build/src/ipc/chromium/src/chrome/common/ipc_channel_win.cc, line 346
[Parent 1748, Gecko_IOThread] WARNING: pipe error: 109: file z:/build/build/src/ipc/chromium/src/chrome/common/ipc_channel_win.cc, line 346
[Child 2524, Chrome_ChildThread] WARNING: pipe error: 109: file z:/build/build/src/ipc/chromium/src/chrome/common/ipc_channel_win.cc, line 346
[Parent 1748, Gecko_IOThread] WARNING: pipe error: 109: file z:/build/build/src/ipc/chromium/src/chrome/common/ipc_channel_win.cc, line 346
[Parent 1748, Gecko_IOThread] WARNING: pipe error: 109: file z:/build/build/src/ipc/chromium/src/chrome/common/ipc_channel_win.cc, line 346

###!!! [Child][MessageChannel::SendAndWait] Error: Channel error: cannot send/recv

_win.cc, line 346
[C[Parent 11912, Gecko_IOThread] WARNING: pipe error: 109: file z:/build/build/src/ipc/chromium/src/chrome/common/ipc_channel_win.cc, line 346
[Child 4216, Chrome_ChildThread] WARNING: pipe error: 109: file z:/build/build/src/ipc/chromium/src/chrome/common/ipc_channel_win.cc, line 346
[Child 4216, Chro[GPU 10988, Chrome_ChildThread
###!!! [Child][MessageChannel::SendAndWait] Error: Channel error: cannot send/recv

1534478117969	geckodriver	INFO	geckodriver 0.21.0
1534478117975	geckodriver	INFO	Listening on 127.0.0.1:52451
1534478121041	mozrunner::runner	INFO	Running command: "C:\\Program Files\\Mozilla Firefox\\firefox.exe" "-marionette" "-foreground" "-no-remote" "-profile" "C:\\Users\\ROBMAR~1\\AppData\\Local\\Temp\\rust_mozprofile.DJTztSSmAcwk"
Unable to read VR Path Registry from C:\Users\RobMartin\AppData\Local\openvr\openvrpaths.vrpath
Unable to read VR Path Registry from C:\Users\RobMartin\AppData\Local\openvr\openvrpaths.vrpath
Unable to read VR Path Registry from C:\Users\RobMartin\AppData\Local\openvr\openvrpaths.vrpath
Unable to read VR Path Registry from C:\Users\RobMartin\AppData\Local\openvr\openvrpaths.vrpath
Unable to read VR Path Registry from C:\Users\RobMartin\AppData\Local\openvr\openvrpaths.vrpath
1534478122424	Marionette	INFO	Listening on port 52459
1534478122681	Marionette	WARN	TLS certificate errors will be ignored for this session
[Parent 1260, Gecko_IOThread] WARNING: pipe error: 109: file z:/build/build/src/ipc/chromium/src/chrome/common/ipc_channel_win.cc, line 346
[Parent 1260, Gecko_IOThread] WARNING: pipe error: 109: file z:/build/build/src/ipc/chromium/src/chrome/common/ipc_channel_win.cc, line 346
[Child 3036, Chrome_ChildThread] WARNING: pipe error: 109: file z:/build/build/src/ipc/chromium/src/chrome/common/ipc_channel_win.cc, line 346
[Child 3036, Chrome_ChildThread] WARNING:[Parent 1260, Gecko_IOThread] WARNING: pipe error: 109: file z:/build/build/src/ipc/chromium/src/chrome/common/ipc_channel_win.cc, line 346
[Child 2156, Chrome_ChildThread] WARNING: pipe error: 109: file z:/build/build/src/ipc/chromium/src/chrome/common/ipc_channel_win.cc, line 346
[Child 2156, Chrome_ChildThread] WARNING: pipe error: 109: file z:/build/build/src/ipc/chromium/src/chrome/common/ipc_channel_win.cc, line 346
[Parent 1260, Gecko_IOThread] WARNING: pipe error: 109: file z:/build/build/src/ipc/chromium/src/chrome/common/ipc_channel_win.cc, line 346
[GPU 11436, C
###!!! [Child][MessageChannel::SendAndWait] Error: Channel error: cannot send/recv

ror: truste.ca.loadCapImg is not a function
[Parent 4216, Gecko_IOThread] WARNING: pipe error: 109: file z:/build/build/src/ipc/chromium/src/chrome/common/ipc_channel_win.cc, line 346
[Parent 4216, Gecko_IOThread] WARNING: pipe error: 109: file z:/build/build/src/ipc/chromium/src/chrome/common/ipc_channel_win.cc, line 346
[Parent 4216, Gecko_IOThread] WARNING: pipe error: 109: file z:/build/build/src/ipc/chromium/src/chrome/common/ipc_channel_win.cc, line 346

###!!! [Child][MessageChannel::SendAndWait] Error: Channel error: cannot send/recv


Unable to read VR Path Registry from C:\Users\RobMartin\AppData\Local\openvr\openvrpaths.vrpath
1534478325044	Marionette	INFO	Listening on port 53138
1534478325274	Marionette	WARN	TLS certificate errors will be ignored for this session
Unable to read VR Path Registry from C:\Users\RobMartin\AppData\Local\openvr\openvrpaths.vrpath
[Child 7304, Chrome_ChildThread] WARNING: pipe error: 109: file z:/build/build/src/ipc/chromium/src/chrome/common/ipc_channel_win.cc, line 346
[Child 7304, Chrome_ChildThread] WARNING: pipe error: 109: file z:/build/build/src/ipc/c[Parent 4700, Gecko_IOThread] WARNING: pipe error: 109: file z:/build/build/src/ipc/chromium/src/chrome/common/ipc_channel_win.cc, line 346
[Parent 4700, Gecko_IOThread] WARNING: pipe error: 109: file z:/build/build/src/ipc/chromium/src/chrome/common/ipc_channel_win.cc, line 346
[Child 14044, Chrome_ChildThread] WARNING: pipe error: 109: file z:/build/build/src/ipc/chromium/src/chrome/common/ipc_channel_win.cc, line 346
[Child 14044, Chrome_ChildThread] WARNING: pipe error: 109: file z:/build/build/src/ipc/chromium/src/chrome/common/ipc_channel_win.cc, line 346
[Parent 4700, Gecko_IOThread] WARNING: pipe error: 109: file z:/build/build/src/ipc/chromium/src/chrome/common/ipc_channel_win.cc, line 346
[Parent 4700, Gecko_IOThread] WARNING: pipe error: 109: file z:/build/build/src/ipc/chromium/src/chrome/common/ipc_channel_win.cc, line 346
[Child 12220, Chrome_ChildThread] WARNING: pipe error: 109: file z:/build/build/src/ipc/chromium/src/chrome/common/ipc_channel_win.cc, line 346
[GPU 1040
###!!! [Child][MessageChannel::SendAndWait] Error: Channel error: cannot send/recv

is session
[Parent 1440, Gecko_IOThread] WARNING: pipe error: 109: file z:/build/build/src/ipc/chromium/src/chrome/common/ipc_channel_win.cc, line 346
[Child 16100, Chrome_ChildThread] WARNING: pipe error: 109: file z:/build/build/src/ipc/chromium/src/chrome/common/ipc_channel_win.cc, line 346
[Child 3604, Chrome_ChildThread] WARNING: pipe error: 109: file z:/buil[Parent 1440, Gecko_IOThread] WARNING: pipe error: 109: file z:/build/build/src/ipc/chromium/src/chrome/common/ipc_channel_win.cc, line 346
[GPU 7684, Chr
###!!! [Child][MessageChannel::SendAndWait] Error: Channel error: cannot send/recv

